d:\03.teaching\c++\물체인식\물체인식소스c++\otracker_src\release\vidcap.pch
d:\03.teaching\c++\물체인식\물체인식소스c++\otracker_src\release\vc142.pdb
d:\03.teaching\c++\물체인식\물체인식소스c++\otracker_src\release\stdafx.obj
d:\03.teaching\c++\물체인식\물체인식소스c++\otracker_src\release\vidcapdlg.obj
d:\03.teaching\c++\물체인식\물체인식소스c++\otracker_src\release\vidcap.obj
d:\03.teaching\c++\물체인식\물체인식소스c++\otracker_src\release\samplegrab.obj
d:\03.teaching\c++\물체인식\물체인식소스c++\otracker_src\release\pgutils.obj
d:\03.teaching\c++\물체인식\물체인식소스c++\otracker_src\release\vec2dc.obj
d:\03.teaching\c++\물체인식\물체인식소스c++\otracker_src\release\vec2d.obj
d:\03.teaching\c++\물체인식\물체인식소스c++\otracker_src\release\vec1d.obj
d:\03.teaching\c++\물체인식\물체인식소스c++\otracker_src\release\motiondetector.obj
d:\03.teaching\c++\물체인식\물체인식소스c++\otracker_src\release\imageresize.obj
d:\03.teaching\c++\물체인식\물체인식소스c++\otracker_src\release\imageblobs.obj
d:\03.teaching\c++\물체인식\물체인식소스c++\otracker_src\release\haar.obj
d:\03.teaching\c++\물체인식\물체인식소스c++\otracker_src\release\basefwt.obj
d:\03.teaching\c++\물체인식\물체인식소스c++\otracker_src\release\capture.obj
d:\03.teaching\c++\물체인식\물체인식소스c++\otracker_src\release\objecttracker.exe
d:\03.teaching\c++\물체인식\물체인식소스c++\otracker_src\release\vidcap.pdb
d:\03.teaching\c++\물체인식\물체인식소스c++\otracker_src\release\vidcap.res
d:\03.teaching\c++\물체인식\물체인식소스c++\otracker_src\release\objecttracker.ipdb
d:\03.teaching\c++\물체인식\물체인식소스c++\otracker_src\release\objecttracker.iobj
d:\03.teaching\c++\물체인식\물체인식소스c++\otracker_src\release\vidcap.tlog\cl.command.1.tlog
d:\03.teaching\c++\물체인식\물체인식소스c++\otracker_src\release\vidcap.tlog\cl.read.1.tlog
d:\03.teaching\c++\물체인식\물체인식소스c++\otracker_src\release\vidcap.tlog\cl.write.1.tlog
d:\03.teaching\c++\물체인식\물체인식소스c++\otracker_src\release\vidcap.tlog\link.command.1.tlog
d:\03.teaching\c++\물체인식\물체인식소스c++\otracker_src\release\vidcap.tlog\link.read.1.tlog
d:\03.teaching\c++\물체인식\물체인식소스c++\otracker_src\release\vidcap.tlog\link.write.1.tlog
d:\03.teaching\c++\물체인식\물체인식소스c++\otracker_src\release\vidcap.tlog\rc.command.1.tlog
d:\03.teaching\c++\물체인식\물체인식소스c++\otracker_src\release\vidcap.tlog\rc.read.1.tlog
d:\03.teaching\c++\물체인식\물체인식소스c++\otracker_src\release\vidcap.tlog\rc.write.1.tlog
