d:\03.teaching\c++\물체인식\물체인식소스c++\otracker_src\debug\objecttracker.pch
d:\03.teaching\c++\물체인식\물체인식소스c++\otracker_src\debug\vc142.pdb
d:\03.teaching\c++\물체인식\물체인식소스c++\otracker_src\debug\vc142.idb
d:\03.teaching\c++\물체인식\물체인식소스c++\otracker_src\debug\stdafx.obj
d:\03.teaching\c++\물체인식\물체인식소스c++\otracker_src\debug\capture.obj
d:\03.teaching\c++\물체인식\물체인식소스c++\otracker_src\debug\basefwt.obj
d:\03.teaching\c++\물체인식\물체인식소스c++\otracker_src\debug\haar.obj
d:\03.teaching\c++\물체인식\물체인식소스c++\otracker_src\debug\imageblobs.obj
d:\03.teaching\c++\물체인식\물체인식소스c++\otracker_src\debug\imageresize.obj
d:\03.teaching\c++\물체인식\물체인식소스c++\otracker_src\debug\motiondetector.obj
d:\03.teaching\c++\물체인식\물체인식소스c++\otracker_src\debug\vec1d.obj
d:\03.teaching\c++\물체인식\물체인식소스c++\otracker_src\debug\vec2d.obj
d:\03.teaching\c++\물체인식\물체인식소스c++\otracker_src\debug\vec2dc.obj
d:\03.teaching\c++\물체인식\물체인식소스c++\otracker_src\debug\pgutils.obj
d:\03.teaching\c++\물체인식\물체인식소스c++\otracker_src\debug\samplegrab.obj
d:\03.teaching\c++\물체인식\물체인식소스c++\otracker_src\debug\vidcap.obj
d:\03.teaching\c++\물체인식\물체인식소스c++\otracker_src\debug\vidcapdlg.obj
d:\03.teaching\c++\물체인식\물체인식소스c++\otracker_src\debug\objecttracker.exe
d:\03.teaching\c++\물체인식\물체인식소스c++\otracker_src\debug\objecttracker.ilk
d:\03.teaching\c++\물체인식\물체인식소스c++\otracker_src\debug\objecttracker.pdb
d:\03.teaching\c++\물체인식\물체인식소스c++\otracker_src\debug\vidcap.res
d:\03.teaching\c++\물체인식\물체인식소스c++\otracker_src\debug\vidcap.tlog\cl.command.1.tlog
d:\03.teaching\c++\물체인식\물체인식소스c++\otracker_src\debug\vidcap.tlog\cl.read.1.tlog
d:\03.teaching\c++\물체인식\물체인식소스c++\otracker_src\debug\vidcap.tlog\cl.write.1.tlog
d:\03.teaching\c++\물체인식\물체인식소스c++\otracker_src\debug\vidcap.tlog\link.command.1.tlog
d:\03.teaching\c++\물체인식\물체인식소스c++\otracker_src\debug\vidcap.tlog\link.read.1.tlog
d:\03.teaching\c++\물체인식\물체인식소스c++\otracker_src\debug\vidcap.tlog\link.write.1.tlog
d:\03.teaching\c++\물체인식\물체인식소스c++\otracker_src\debug\vidcap.tlog\rc.command.1.tlog
d:\03.teaching\c++\물체인식\물체인식소스c++\otracker_src\debug\vidcap.tlog\rc.read.1.tlog
d:\03.teaching\c++\물체인식\물체인식소스c++\otracker_src\debug\vidcap.tlog\rc.write.1.tlog
